<?xml version="1.0" encoding="UTF-8"?>
<testsuite name="guru.qa.FormTest" tests="1" skipped="0" failures="0" errors="0" timestamp="2021-12-18T19:15:38" hostname="LAPTOP-SJOTMOQO" time="8.893">
  <properties/>
  <testcase name="fillFormTest()" classname="guru.qa.FormTest" time="8.893"/>
  <system-out><![CDATA[]]></system-out>
  <system-err><![CDATA[SLF4J: Failed to load class "org.slf4j.impl.StaticLoggerBinder".
SLF4J: Defaulting to no-operation (NOP) logger implementation
SLF4J: See http://www.slf4j.org/codes.html#StaticLoggerBinder for further details.
Starting ChromeDriver 96.0.4664.45 (76e4c1bb2ab4671b8beba3444e61c0f17584b2fc-refs/branch-heads/4664@{#947}) on port 28502
Only local connections are allowed.
Please see https://chromedriver.chromium.org/security-considerations for suggestions on keeping ChromeDriver safe.
ChromeDriver was started successfully.
дек. 19, 2021 12:15:40 AM org.openqa.selenium.remote.ProtocolHandshake createSession
INFO: Detected dialect: W3C
]]></system-err>
</testsuite>
